[Mon Jul 22 20:14:06 2013] [main][info]  Sox started? 1
[Mon Jul 22 20:14:07 2013] [main][info]  Sox started? 1
[Mon Jul 22 20:14:08 2013] [main][info]  Sox started? 1
[Mon Jul 22 20:14:47 2013] [main][info] Node started
[Mon Jul 22 20:14:48 2013] [main][info]  Sox started? 1
[Mon Jul 22 20:14:49 2013] [main][info]  Sox started? 1
[Mon Jul 22 20:14:50 2013] [main][info]  Sox started? 1
[Mon Jul 22 20:14:51 2013] [main][info]  Sox started? 1
[Mon Jul 22 20:14:52 2013] [main][info]  Sox started? 1
[Mon Jul 22 20:14:53 2013] [main][info]  Sox started? 1
[Mon Jul 22 20:14:54 2013] [main][info]  Sox started? 1
[Mon Jul 22 20:14:55 2013] [main][info]  Sox started? 1
[Mon Jul 22 20:14:56 2013] [main][info]  Sox started? 1
[Mon Jul 22 20:14:57 2013] [main][info]  Sox started? 1
[Mon Jul 22 20:14:58 2013] [main][info]  Sox started? 1
[Mon Jul 22 20:14:59 2013] [main][info]  Sox started? 1
[Mon Jul 22 20:15:00 2013] [main][info]  Sox started? 1
[Mon Jul 22 20:15:01 2013] [main][info]  Sox started? 1
[Mon Jul 22 20:15:02 2013] [main][info]  Sox started? 1
[Mon Jul 22 20:15:03 2013] [main][info]  Sox started? 1
[Mon Jul 22 20:15:04 2013] [main][info]  Sox started? 1
[Mon Jul 22 20:15:05 2013] [main][info]  Sox started? 1
[Mon Jul 22 20:15:06 2013] [main][info]  Sox started? 1
[Mon Jul 22 20:15:07 2013] [main][info]  Sox started? 1
[Mon Jul 22 20:15:08 2013] [main][info]  Sox started? 1
[Mon Jul 22 20:15:09 2013] [main][info]  Sox started? 1
[Mon Jul 22 20:15:10 2013] [main][info]  Sox started? 1
[Mon Jul 22 20:15:11 2013] [main][info]  Sox started? 1
[Mon Jul 22 20:15:12 2013] [main][info]  Sox started? 1
[Mon Jul 22 20:15:13 2013] [main][info]  Sox started? 1
[Mon Jul 22 20:15:14 2013] [main][info]  Sox started? 1
[Mon Jul 22 20:15:15 2013] [main][info]  Sox started? 1
[Mon Jul 22 20:15:16 2013] [main][info]  Sox started? 1
[Mon Jul 22 20:15:18 2013] [main][info] Node started
[Mon Jul 22 20:15:19 2013] [main][info]  Sox started? 1
[Mon Jul 22 20:15:20 2013] [main][info]  Sox started? 1
[Mon Jul 22 20:15:21 2013] [main][info]  Sox started? 1
[Mon Jul 22 20:15:22 2013] [main][info]  Sox started? 1
[Mon Jul 22 20:15:23 2013] [main][info]  Sox started? 1
[Mon Jul 22 20:15:24 2013] [main][info]  Sox started? 1
[Mon Jul 22 20:15:25 2013] [main][info]  Sox started? 1
[Mon Jul 22 20:15:26 2013] [main][info]  Sox started? 1
[Mon Jul 22 20:15:27 2013] [main][info]  Sox started? 1
[Mon Jul 22 20:15:28 2013] [main][info]  Sox started? 1
[Mon Jul 22 20:15:29 2013] [main][info]  Sox started? 1
[Mon Jul 22 20:15:30 2013] [main][info]  Sox started? 1
[Mon Jul 22 20:15:31 2013] [main][info]  Sox started? 1
[Mon Jul 22 20:15:32 2013] [main][info]  Sox started? 1
[Mon Jul 22 20:15:33 2013] [main][info]  Sox started? 1
[Mon Jul 22 20:15:34 2013] [main][info]  Sox started? 1
[Mon Jul 22 20:15:35 2013] [main][info]  Sox started? 1
[Mon Jul 22 20:15:36 2013] [main][info]  Sox started? 1
[Mon Jul 22 20:15:37 2013] [main][info]  Sox started? 1
[Mon Jul 22 20:15:38 2013] [main][info]  Sox started? 1
[Mon Jul 22 20:16:04 2013] [main][info] Node started
[Mon Jul 22 20:16:05 2013] [main][info]  Sox started? 1
[Mon Jul 22 20:16:06 2013] [main][info]  Sox started? 1
[Mon Jul 22 20:16:07 2013] [main][info]  Sox started? 1
[Mon Jul 22 20:16:08 2013] [main][info]  Sox started? 1
[Mon Jul 22 20:16:09 2013] [main][info]  Sox started? 1
[Mon Jul 22 20:16:10 2013] [main][info]  Sox started? 1
[Mon Jul 22 20:16:11 2013] [main][info]  Sox started? 1
[Mon Jul 22 20:16:12 2013] [main][info]  Sox started? 1
[Mon Jul 22 20:16:13 2013] [main][info]  Sox started? 1
[Mon Jul 22 20:16:14 2013] [main][info]  Sox started? 1
[Mon Jul 22 20:16:15 2013] [main][info]  Sox started? 1
[Mon Jul 22 20:16:16 2013] [main][info]  Sox started? 1
[Mon Jul 22 20:16:17 2013] [main][info]  Sox started? 1
[Mon Jul 22 20:16:18 2013] [main][info]  Sox started? 1
[Mon Jul 22 20:16:19 2013] [main][info]  Sox started? 1
[Mon Jul 22 20:16:20 2013] [main][info]  Sox started? 1
[Mon Jul 22 20:16:21 2013] [main][info]  Sox started? 1
[Mon Jul 22 20:16:22 2013] [main][info]  Sox started? 1
[Mon Jul 22 20:16:23 2013] [main][info]  Sox started? 1
[Mon Jul 22 20:16:24 2013] [main][info]  Sox started? 1
[Mon Jul 22 20:16:25 2013] [main][info]  Sox started? 1
[Mon Jul 22 20:16:26 2013] [main][info]  Sox started? 1
[Mon Jul 22 20:16:27 2013] [main][info]  Sox started? 1
[Mon Jul 22 20:16:28 2013] [main][info]  Sox started? 1
[Mon Jul 22 20:16:29 2013] [main][info]  Sox started? 1
[Mon Jul 22 20:16:30 2013] [main][info]  Sox started? 1
[Mon Jul 22 20:16:31 2013] [main][info]  Sox started? 1
[Mon Jul 22 20:16:32 2013] [main][info]  Sox started? 1
[Mon Jul 22 20:16:33 2013] [main][info]  Sox started? 1
[Mon Jul 22 20:16:34 2013] [main][info]  Sox started? 1
[Mon Jul 22 20:16:35 2013] [main][info]  Sox started? 1
[Mon Jul 22 20:16:36 2013] [main][info]  Sox started? 1
[Mon Jul 22 20:16:37 2013] [main][info]  Sox started? 1
[Mon Jul 22 20:16:38 2013] [main][info]  Sox started? 1
[Mon Jul 22 20:16:39 2013] [main][info]  Sox started? 1
[Mon Jul 22 20:16:40 2013] [main][info]  Sox started? 1
[Mon Jul 22 20:16:41 2013] [main][info]  Sox started? 1
[Mon Jul 22 20:16:42 2013] [main][info]  Sox started? 1
[Mon Jul 22 20:16:43 2013] [main][info]  Sox started? 1
[Mon Jul 22 20:16:44 2013] [main][info]  Sox started? 1
[Mon Jul 22 20:16:45 2013] [main][info]  Sox started? 1
[Mon Jul 22 20:16:46 2013] [main][info]  Sox started? 1
[Mon Jul 22 20:16:47 2013] [main][info]  Sox started? 1
[Mon Jul 22 20:16:48 2013] [main][info]  Sox started? 1
[Mon Jul 22 20:16:49 2013] [main][info]  Sox started? 1
[Mon Jul 22 20:16:50 2013] [main][info]  Sox started? 1
[Mon Jul 22 20:16:51 2013] [main][info]  Sox started? 1
[Mon Jul 22 20:16:52 2013] [main][info]  Sox started? 1
[Mon Jul 22 20:16:53 2013] [main][info]  Sox started? 1
[Mon Jul 22 20:16:54 2013] [main][info]  Sox started? 1
[Mon Jul 22 20:16:55 2013] [main][info]  Sox started? 1
[Mon Jul 22 20:16:56 2013] [main][info]  Sox started? 1
[Mon Jul 22 20:16:57 2013] [main][info]  Sox started? 1
[Mon Jul 22 20:16:58 2013] [main][info]  Sox started? 1
[Mon Jul 22 20:16:59 2013] [main][info]  Sox started? 1
[Mon Jul 22 20:17:00 2013] [main][info]  Sox started? 1
[Mon Jul 22 20:17:01 2013] [main][info]  Sox started? 1
[Mon Jul 22 20:17:02 2013] [main][info]  Sox started? 1
[Mon Jul 22 20:17:03 2013] [main][info]  Sox started? 1
[Mon Jul 22 20:17:04 2013] [main][info]  Sox started? 1
[Mon Jul 22 20:17:06 2013] [main][info]  Sox started? 1
[Mon Jul 22 20:17:07 2013] [main][info]  Sox started? 1
[Mon Jul 22 20:17:08 2013] [main][info]  Sox started? 1
[Mon Jul 22 20:17:09 2013] [main][info]  Sox started? 1
[Mon Jul 22 20:17:10 2013] [main][info]  Sox started? 1
[Mon Jul 22 20:17:11 2013] [main][info]  Sox started? 1
[Mon Jul 22 20:17:12 2013] [main][info]  Sox started? 1
[Mon Jul 22 20:17:13 2013] [main][info]  Sox started? 1
[Mon Jul 22 20:17:14 2013] [main][info]  Sox started? 1
[Mon Jul 22 20:17:15 2013] [main][info]  Sox started? 1
[Mon Jul 22 20:17:16 2013] [main][info]  Sox started? 1
[Mon Jul 22 20:17:17 2013] [main][info]  Sox started? 1
[Mon Jul 22 20:17:18 2013] [main][info]  Sox started? 1
[Mon Jul 22 20:17:19 2013] [main][info]  Sox started? 1
[Mon Jul 22 20:17:20 2013] [main][info]  Sox started? 1
[Mon Jul 22 20:17:21 2013] [main][info]  Sox started? 1
[Mon Jul 22 20:17:22 2013] [main][info]  Sox started? 1
[Mon Jul 22 20:17:23 2013] [main][info]  Sox started? 1
[Mon Jul 22 20:17:24 2013] [main][info]  Sox started? 1
[Mon Jul 22 20:17:25 2013] [main][info]  Sox started? 1
[Mon Jul 22 20:17:26 2013] [main][info]  Sox started? 1
[Mon Jul 22 20:17:27 2013] [main][info]  Sox started? 1
[Mon Jul 22 20:17:28 2013] [main][info]  Sox started? 1
[Mon Jul 22 20:17:29 2013] [main][info]  Sox started? 1
[Mon Jul 22 20:17:30 2013] [main][info]  Sox started? 1
[Mon Jul 22 20:17:31 2013] [main][info]  Sox started? 1
[Mon Jul 22 20:17:32 2013] [main][info]  Sox started? 1
[Mon Jul 22 20:17:33 2013] [main][info]  Sox started? 1
[Mon Jul 22 20:17:34 2013] [main][info]  Sox started? 1
[Mon Jul 22 20:17:35 2013] [main][info]  Sox started? 1
[Mon Jul 22 20:17:36 2013] [main][info]  Sox started? 1
[Mon Jul 22 20:17:37 2013] [main][info]  Sox started? 1
[Mon Jul 22 20:17:38 2013] [main][info]  Sox started? 1
[Mon Jul 22 20:17:39 2013] [main][info]  Sox started? 1
[Mon Jul 22 20:17:40 2013] [main][info]  Sox started? 1
[Mon Jul 22 20:17:41 2013] [main][info]  Sox started? 1
[Mon Jul 22 20:17:42 2013] [main][info]  Sox started? 1
[Mon Jul 22 20:17:43 2013] [main][info]  Sox started? 1
[Mon Jul 22 20:17:44 2013] [main][info]  Sox started? 1
[Mon Jul 22 20:17:45 2013] [main][info]  Sox started? 1
[Mon Jul 22 20:17:46 2013] [main][info]  Sox started? 1
[Mon Jul 22 20:17:47 2013] [main][info]  Sox started? 1
[Mon Jul 22 20:17:48 2013] [main][info]  Sox started? 1
[Mon Jul 22 20:17:49 2013] [main][info]  Sox started? 1
[Mon Jul 22 20:17:50 2013] [main][info]  Sox started? 1
[Mon Jul 22 20:17:51 2013] [main][info]  Sox started? 1
[Mon Jul 22 20:17:52 2013] [main][info]  Sox started? 1
[Mon Jul 22 20:17:53 2013] [main][info]  Sox started? 1
[Mon Jul 22 20:17:54 2013] [main][info]  Sox started? 1
[Mon Jul 22 20:17:55 2013] [main][info]  Sox started? 1
[Mon Jul 22 20:17:56 2013] [main][info]  Sox started? 1
[Mon Jul 22 20:17:57 2013] [main][info]  Sox started? 1
[Mon Jul 22 20:17:58 2013] [main][info]  Sox started? 1
[Mon Jul 22 20:17:59 2013] [main][info]  Sox started? 1
[Mon Jul 22 20:18:00 2013] [main][info]  Sox started? 1
[Mon Jul 22 20:18:01 2013] [main][info]  Sox started? 1
[Mon Jul 22 20:18:02 2013] [main][info]  Sox started? 1
[Mon Jul 22 20:18:03 2013] [main][info]  Sox started? 1
[Mon Jul 22 20:18:04 2013] [main][info]  Sox started? 1
[Mon Jul 22 20:18:05 2013] [main][info]  Sox started? 1
[Mon Jul 22 20:18:06 2013] [main][info]  Sox started? 1
[Mon Jul 22 20:18:07 2013] [main][info]  Sox started? 1
[Mon Jul 22 20:18:08 2013] [main][info]  Sox started? 1
[Mon Jul 22 20:18:09 2013] [main][info]  Sox started? 1
[Mon Jul 22 20:18:10 2013] [main][info]  Sox started? 1
[Mon Jul 22 20:18:11 2013] [main][info]  Sox started? 1
[Mon Jul 22 20:18:12 2013] [main][info]  Sox started? 1
[Mon Jul 22 20:18:13 2013] [main][info]  Sox started? 1
[Mon Jul 22 20:18:14 2013] [main][info]  Sox started? 1
[Mon Jul 22 20:18:15 2013] [main][info]  Sox started? 1
[Mon Jul 22 20:18:16 2013] [main][info]  Sox started? 1
[Mon Jul 22 20:18:17 2013] [main][info]  Sox started? 1
[Mon Jul 22 20:18:18 2013] [main][info]  Sox started? 1
[Mon Jul 22 20:18:19 2013] [main][info]  Sox started? 1
[Mon Jul 22 20:18:20 2013] [main][info]  Sox started? 1
[Mon Jul 22 20:18:21 2013] [main][info]  Sox started? 1
[Mon Jul 22 20:18:22 2013] [main][info]  Sox started? 1
[Mon Jul 22 20:18:23 2013] [main][info]  Sox started? 1
[Mon Jul 22 20:18:24 2013] [main][info]  Sox started? 1
[Mon Jul 22 20:18:25 2013] [main][info]  Sox started? 1
[Mon Jul 22 20:18:26 2013] [main][info]  Sox started? 1
[Mon Jul 22 20:18:27 2013] [main][info]  Sox started? 1
[Mon Jul 22 20:18:28 2013] [main][info]  Sox started? 1
[Mon Jul 22 20:18:29 2013] [main][info]  Sox started? 1
[Mon Jul 22 20:18:30 2013] [main][info]  Sox started? 1
[Mon Jul 22 20:18:31 2013] [main][info]  Sox started? 1
[Mon Jul 22 20:18:32 2013] [main][info]  Sox started? 1
[Mon Jul 22 20:18:33 2013] [main][info]  Sox started? 1
[Mon Jul 22 20:18:34 2013] [main][info]  Sox started? 1
[Mon Jul 22 20:18:35 2013] [main][info]  Sox started? 1
[Mon Jul 22 20:18:36 2013] [main][info]  Sox started? 1
[Mon Jul 22 20:18:37 2013] [main][info]  Sox started? 1
[Mon Jul 22 20:18:38 2013] [main][info]  Sox started? 1
[Mon Jul 22 20:18:39 2013] [main][info]  Sox started? 1
[Mon Jul 22 20:18:40 2013] [main][info]  Sox started? 1
[Mon Jul 22 20:18:41 2013] [main][info]  Sox started? 1
[Mon Jul 22 20:18:42 2013] [main][info]  Sox started? 1
[Mon Jul 22 20:18:43 2013] [main][info]  Sox started? 1
[Mon Jul 22 20:18:44 2013] [main][info]  Sox started? 1
[Mon Jul 22 20:18:45 2013] [main][info]  Sox started? 1
[Mon Jul 22 20:18:46 2013] [main][info]  Sox started? 1
[Mon Jul 22 20:18:47 2013] [main][info]  Sox started? 1
[Mon Jul 22 20:18:48 2013] [main][info]  Sox started? 1
[Mon Jul 22 20:18:49 2013] [main][info]  Sox started? 1
[Mon Jul 22 20:18:50 2013] [main][info]  Sox started? 1
[Mon Jul 22 20:18:51 2013] [main][info]  Sox started? 1
[Mon Jul 22 20:18:52 2013] [main][info]  Sox started? 1
[Mon Jul 22 20:18:53 2013] [main][info]  Sox started? 1
[Mon Jul 22 20:18:54 2013] [main][info]  Sox started? 1
[Mon Jul 22 20:18:55 2013] [main][info]  Sox started? 1
[Mon Jul 22 20:18:56 2013] [main][info]  Sox started? 1
[Mon Jul 22 20:18:57 2013] [main][info]  Sox started? 1
[Mon Jul 22 20:18:58 2013] [main][info]  Sox started? 1
[Mon Jul 22 20:18:59 2013] [main][info]  Sox started? 1
[Mon Jul 22 20:19:00 2013] [main][info]  Sox started? 1
[Mon Jul 22 20:19:01 2013] [main][info]  Sox started? 1
[Mon Jul 22 20:19:02 2013] [main][info]  Sox started? 1
[Mon Jul 22 20:19:03 2013] [main][info]  Sox started? 1
[Mon Jul 22 20:19:04 2013] [main][info]  Sox started? 1
[Mon Jul 22 20:19:05 2013] [main][info]  Sox started? 1
[Mon Jul 22 20:19:06 2013] [main][info]  Sox started? 1
[Mon Jul 22 20:19:07 2013] [main][info]  Sox started? 1
[Mon Jul 22 20:19:08 2013] [main][info]  Sox started? 1
[Mon Jul 22 20:19:09 2013] [main][info]  Sox started? 1
[Mon Jul 22 20:19:10 2013] [main][info]  Sox started? 1
[Mon Jul 22 20:19:11 2013] [main][info]  Sox started? 1
[Mon Jul 22 20:19:12 2013] [main][info]  Sox started? 1
[Mon Jul 22 20:19:13 2013] [main][info]  Sox started? 1
[Mon Jul 22 20:19:14 2013] [main][info]  Sox started? 1
[Mon Jul 22 20:19:15 2013] [main][info]  Sox started? 1
[Mon Jul 22 20:19:16 2013] [main][info]  Sox started? 1
[Mon Jul 22 20:19:17 2013] [main][info]  Sox started? 1
[Mon Jul 22 20:19:18 2013] [main][info]  Sox started? 1
[Mon Jul 22 20:19:19 2013] [main][info]  Sox started? 1
[Mon Jul 22 20:19:20 2013] [main][info]  Sox started? 1
[Mon Jul 22 20:19:21 2013] [main][info]  Sox started? 1
[Mon Jul 22 20:19:22 2013] [main][info]  Sox started? 1
[Mon Jul 22 20:19:23 2013] [main][info]  Sox started? 1
[Mon Jul 22 20:19:24 2013] [main][info]  Sox started? 1
[Mon Jul 22 20:19:25 2013] [main][info]  Sox started? 1
[Mon Jul 22 20:19:26 2013] [main][info]  Sox started? 1
[Mon Jul 22 20:19:27 2013] [main][info]  Sox started? 1
[Mon Jul 22 20:19:28 2013] [main][info]  Sox started? 1
[Mon Jul 22 20:19:29 2013] [main][info]  Sox started? 1
[Mon Jul 22 20:19:30 2013] [main][info]  Sox started? 1
[Mon Jul 22 20:19:31 2013] [main][info]  Sox started? 1
[Mon Jul 22 20:24:39 2013] [main][info] Node started
[Mon Jul 22 20:24:47 2013] [main][info] Node started
[Mon Jul 22 20:24:48 2013] [main][info]  Sox started? 1
[Mon Jul 22 20:24:49 2013] [main][info]  Sox started? 1
[Mon Jul 22 20:24:50 2013] [main][info]  Sox started? 1
[Mon Jul 22 20:24:51 2013] [main][info]  Sox started? 1
[Mon Jul 22 20:24:52 2013] [main][info]  Sox started? 1
[Mon Jul 22 20:24:53 2013] [main][info]  Sox started? 1
[Mon Jul 22 20:24:54 2013] [main][info]  Sox started? 1
[Mon Jul 22 20:24:55 2013] [main][info]  Sox started? 1
[Mon Jul 22 20:24:56 2013] [main][info]  Sox started? 1
[Mon Jul 22 20:24:57 2013] [main][info]  Sox started? 1
[Mon Jul 22 20:24:58 2013] [main][info]  Sox started? 1
[Mon Jul 22 20:24:59 2013] [main][info]  Sox started? 1
[Mon Jul 22 20:25:00 2013] [main][info]  Sox started? 1
[Mon Jul 22 20:25:01 2013] [main][info]  Sox started? 1
[Mon Jul 22 20:25:02 2013] [main][info]  Sox started? 1
[Mon Jul 22 20:25:03 2013] [main][info]  Sox started? 1
[Mon Jul 22 20:25:04 2013] [main][info]  Sox started? 1
[Mon Jul 22 20:25:05 2013] [main][info]  Sox started? 1
[Mon Jul 22 20:25:06 2013] [main][info]  Sox started? 1
[Mon Jul 22 20:25:07 2013] [main][info]  Sox started? 1
[Mon Jul 22 20:25:08 2013] [main][info]  Sox started? 1
[Mon Jul 22 20:25:09 2013] [main][info]  Sox started? 1
[Mon Jul 22 20:25:10 2013] [main][info]  Sox started? 1
[Mon Jul 22 20:25:11 2013] [main][info]  Sox started? 1
[Mon Jul 22 20:25:12 2013] [main][info]  Sox started? 1
[Mon Jul 22 20:25:13 2013] [main][info]  Sox started? 1
[Mon Jul 22 20:25:14 2013] [main][info]  Sox started? 1
[Mon Jul 22 20:25:15 2013] [main][info]  Sox started? 1
[Mon Jul 22 20:25:16 2013] [main][info]  Sox started? 1
[Mon Jul 22 20:25:17 2013] [main][info]  Sox started? 1
[Mon Jul 22 20:25:18 2013] [main][info]  Sox started? 1
[Mon Jul 22 21:33:15 2013] [main][info] Node started
[Mon Jul 22 21:33:16 2013] [main][info]  Sox started? 1
[Mon Jul 22 21:33:17 2013] [main][info]  Sox started? 1
[Mon Jul 22 21:33:20 2013] [main][info]  Sox started? 1
[Mon Jul 22 21:33:21 2013] [main][info]  Sox started? 1
[Mon Jul 22 21:33:22 2013] [main][info]  Sox started? 1
[Mon Jul 22 21:33:23 2013] [main][info]  Sox started? 1
[Mon Jul 22 21:33:24 2013] [main][info]  Sox started? 1
[Mon Jul 22 21:37:55 2013] [main][info] Node started
[Mon Jul 22 21:37:56 2013] [main][info]  Sox started? 1
[Mon Jul 22 21:37:58 2013] [main][info]  Sox started? 
[Mon Jul 22 21:37:59 2013] [main][info]  Sox started? 
[Mon Jul 22 21:38:00 2013] [main][info]  Sox started? 
[Mon Jul 22 21:38:01 2013] [main][info]  Sox started? 
[Mon Jul 22 21:38:02 2013] [main][info]  Sox started? 
[Mon Jul 22 22:01:17 2013] [main][info] Node started
[Mon Jul 22 22:02:47 2013] [main][info] Node started
[Mon Jul 22 22:04:06 2013] [main][info] Node started
[Mon Jul 22 22:04:15 2013] [main][info] Node started
[Mon Jul 22 22:04:31 2013] [main][info] Node started
[Mon Jul 22 22:04:42 2013] [main][info] Node started
[Mon Jul 22 22:04:57 2013] [main][info] Node started
[Mon Jul 22 22:05:16 2013] [main][info] Node started
[Mon Jul 22 22:05:29 2013] [main][info] Node started
[Mon Jul 22 22:05:30 2013] [main][info]  Sox started? 1
[Mon Jul 22 22:05:31 2013] [main][info]  Sox started? 
[Mon Jul 22 22:06:00 2013] [main][info] Node started
[Mon Jul 22 22:06:01 2013] [main][info]  Sox started? 1
[Mon Jul 22 22:06:02 2013] [main][info]  Sox started? 
[Mon Jul 22 22:06:03 2013] [main][info]  Sox started? 
[Mon Jul 22 22:06:04 2013] [main][info]  Sox started? 
[Mon Jul 22 22:06:05 2013] [main][info]  Sox started? 
[Mon Jul 22 22:06:06 2013] [main][info]  Sox started? 
[Mon Jul 22 22:06:07 2013] [main][info]  Sox started? 
[Mon Jul 22 22:06:08 2013] [main][info]  Sox started? 
[Mon Jul 22 22:06:09 2013] [main][info]  Sox started? 
[Mon Jul 22 22:06:10 2013] [main][info]  Sox started? 
[Mon Jul 22 22:06:11 2013] [main][info]  Sox started? 
[Mon Jul 22 22:06:12 2013] [main][info]  Sox started? 
[Mon Jul 22 22:06:13 2013] [main][info]  Sox started? 
[Mon Jul 22 22:06:14 2013] [main][info]  Sox started? 
[Mon Jul 22 22:06:15 2013] [main][info]  Sox started? 
[Mon Jul 22 22:06:16 2013] [main][info]  Sox started? 
[Mon Jul 22 22:06:18 2013] [main][info] Node started
[Mon Jul 22 22:06:19 2013] [main][info]  Sox started? 1
[Mon Jul 22 22:06:20 2013] [main][info]  Sox started? 
[Mon Jul 22 22:06:21 2013] [main][info]  Sox started? 
[Mon Jul 22 22:06:33 2013] [main][info] Node started
[Mon Jul 22 22:06:34 2013] [main][info]  Sox started? 1
[Mon Jul 22 22:06:35 2013] [main][info]  Sox started? 
[Mon Jul 22 22:06:36 2013] [main][info]  Sox started? 
[Mon Jul 22 22:06:50 2013] [main][info] Node started
[Mon Jul 22 22:07:31 2013] [main][info] Node started
[Mon Jul 22 22:07:32 2013] [main][info]  Sox started? 1
[Mon Jul 22 22:07:33 2013] [main][info]  Sox started? 
[Mon Jul 22 22:07:51 2013] [main][info] Node started
[Mon Jul 22 22:07:52 2013] [main][info]  Sox started? 1
[Mon Jul 22 22:07:57 2013] [main][info] Node started
[Mon Jul 22 22:09:23 2013] [main][info] Node started
[Mon Jul 22 22:10:45 2013] [main][info] Node started
[Mon Jul 22 22:11:03 2013] [main][info] Node started
[Mon Jul 22 22:11:40 2013] [main][info] Node started
[Mon Jul 22 22:12:14 2013] [main][info] Node started
[Mon Jul 22 22:12:41 2013] [main][info] Node started
[Mon Jul 22 22:17:06 2013] [main][info] Node started
[Mon Jul 22 22:17:15 2013] [main][info] Node started
[Mon Jul 22 22:19:14 2013] [main][info] Node started
[Mon Jul 22 22:19:19 2013] [main][info] Node started
[Mon Jul 22 22:19:36 2013] [main][info] Node started
[Mon Jul 22 22:19:51 2013] [main][info] Node started
[Mon Jul 22 22:20:09 2013] [main][info] Node started
[Mon Jul 22 22:20:36 2013] [main][info] Node started
[Mon Jul 22 22:21:01 2013] [main][info] Node started
[Mon Jul 22 22:24:21 2013] [main][info] Node started
[Mon Jul 22 22:25:59 2013] [main][info] Node started
[Mon Jul 22 22:26:12 2013] [main][info] Node started
[Mon Jul 22 22:26:26 2013] [main][info] Node started
[Mon Jul 22 22:28:22 2013] [main][info] Node started
[Mon Jul 22 22:28:45 2013] [main][info] Node started
[Mon Jul 22 22:29:16 2013] [main][info] Node started
[Mon Jul 22 22:29:31 2013] [main][info] Node started
[Mon Jul 22 22:29:46 2013] [main][info] Node started
[Mon Jul 22 22:29:47 2013] [main][info]  Sox started? 1
[Mon Jul 22 22:30:39 2013] [main][info] Node started
[Mon Jul 22 22:30:40 2013] [main][info]  Sox started? 1
[Mon Jul 22 22:30:59 2013] [main][info] Node started
[Mon Jul 22 22:31:00 2013] [main][info]  Sox started? 1
[Mon Jul 22 22:31:32 2013] [main][info] Node started
[Mon Jul 22 22:31:33 2013] [main][info]  Sox started? 1
[Mon Jul 22 22:32:51 2013] [main][info] Node started
[Mon Jul 22 22:32:52 2013] [main][info]  Sox started? 1
[Mon Jul 22 22:32:53 2013] [main][info]  Sox started? 
[Mon Jul 22 22:33:04 2013] [main][info] Node started
[Mon Jul 22 22:33:34 2013] [main][info] Node started
[Mon Jul 22 22:33:35 2013] [main][info]  Sox started? 1
[Mon Jul 22 22:33:36 2013] [main][info]  Sox started? 
[Mon Jul 22 22:35:02 2013] [main][info] Node started
[Mon Jul 22 22:35:03 2013] [main][info]  Sox started? 1
[Mon Jul 22 22:35:04 2013] [main][info]  Sox started? 
[Mon Jul 22 22:35:54 2013] [main][info] Node started
[Mon Jul 22 22:35:55 2013] [main][info]  Sox started? 1
[Mon Jul 22 22:35:56 2013] [main][info]  Sox started? 
[Mon Jul 22 22:36:24 2013] [main][info] Node started
[Mon Jul 22 22:36:25 2013] [main][info]  Sox started? 1
[Mon Jul 22 22:36:26 2013] [main][info]  Sox started? 
[Mon Jul 22 22:37:44 2013] [main][info] Node started
[Mon Jul 22 22:37:45 2013] [main][info]  Sox started? 1
[Mon Jul 22 22:37:46 2013] [main][info]  Sox started? 
[Mon Jul 22 22:37:47 2013] [main][info]  Sox started? 
[Mon Jul 22 22:37:48 2013] [main][info]  Sox started? 
[Mon Jul 22 22:38:04 2013] [main][info] Node started
[Mon Jul 22 22:38:05 2013] [main][info]  Sox started? 1
[Mon Jul 22 22:38:06 2013] [main][info]  Sox started? 
[Mon Jul 22 22:38:29 2013] [main][info] Node started
[Mon Jul 22 22:38:30 2013] [main][info]  Sox started? 1
[Mon Jul 22 22:38:31 2013] [main][info]  Sox started? 
[Mon Jul 22 22:38:44 2013] [main][info] Node started
[Mon Jul 22 22:38:45 2013] [main][info]  Sox started? 1
[Mon Jul 22 22:38:46 2013] [main][info]  Sox started? 
[Mon Jul 22 22:38:47 2013] [main][info]  Sox started? 
[Mon Jul 22 22:38:48 2013] [main][info]  Sox started? 
[Mon Jul 22 22:38:49 2013] [main][info]  Sox started? 
[Mon Jul 22 22:38:50 2013] [main][info]  Sox started? 
[Mon Jul 22 22:38:52 2013] [main][info]  Sox started? 
[Mon Jul 22 22:38:53 2013] [main][info]  Sox started? 
[Mon Jul 22 22:38:54 2013] [main][info]  Sox started? 
[Mon Jul 22 22:38:55 2013] [main][info]  Sox started? 
[Mon Jul 22 22:38:56 2013] [main][info]  Sox started? 
[Mon Jul 22 22:38:57 2013] [main][info]  Sox started? 
[Mon Jul 22 22:38:58 2013] [main][info]  Sox started? 
[Mon Jul 22 22:38:59 2013] [main][info]  Sox started? 
[Mon Jul 22 22:39:00 2013] [main][info]  Sox started? 
[Mon Jul 22 22:39:01 2013] [main][info]  Sox started? 
[Mon Jul 22 22:39:02 2013] [main][info]  Sox started? 
[Mon Jul 22 22:39:03 2013] [main][info]  Sox started? 
[Mon Jul 22 22:39:04 2013] [main][info]  Sox started? 
[Mon Jul 22 22:39:05 2013] [main][info]  Sox started? 
[Mon Jul 22 22:39:06 2013] [main][info]  Sox started? 
[Mon Jul 22 22:39:07 2013] [main][info]  Sox started? 
[Mon Jul 22 22:39:09 2013] [main][info] Node started
[Mon Jul 22 22:39:10 2013] [main][info]  Sox started? 1
[Mon Jul 22 22:39:11 2013] [main][info]  Sox started? 
[Mon Jul 22 22:39:12 2013] [main][info]  Sox started? 
[Mon Jul 22 22:39:13 2013] [main][info]  Sox started? 
[Mon Jul 22 22:39:14 2013] [main][info]  Sox started? 
[Mon Jul 22 22:39:15 2013] [main][info]  Sox started? 
[Mon Jul 22 22:39:16 2013] [main][info]  Sox started? 
[Mon Jul 22 22:39:17 2013] [main][info]  Sox started? 
[Mon Jul 22 22:39:18 2013] [main][info]  Sox started? 
[Mon Jul 22 22:39:20 2013] [main][info] Node started
[Mon Jul 22 22:39:21 2013] [main][info]  Sox started? 1
[Mon Jul 22 22:39:22 2013] [main][info]  Sox started? 
[Mon Jul 22 22:39:23 2013] [main][info]  Sox started? 
[Mon Jul 22 22:39:24 2013] [main][info]  Sox started? 
[Mon Jul 22 22:39:25 2013] [main][info]  Sox started? 
[Mon Jul 22 22:39:26 2013] [main][info]  Sox started? 
[Mon Jul 22 22:39:27 2013] [main][info]  Sox started? 
[Mon Jul 22 22:39:28 2013] [main][info]  Sox started? 
[Mon Jul 22 22:39:29 2013] [main][info]  Sox started? 
[Mon Jul 22 22:39:30 2013] [main][info]  Sox started? 
[Mon Jul 22 22:39:31 2013] [main][info]  Sox started? 
[Mon Jul 22 22:39:32 2013] [main][info]  Sox started? 
[Mon Jul 22 22:39:33 2013] [main][info]  Sox started? 
[Mon Jul 22 22:39:34 2013] [main][info]  Sox started? 
[Mon Jul 22 22:39:36 2013] [main][info] Node started
[Mon Jul 22 22:39:37 2013] [main][info]  Sox started? 1
[Mon Jul 22 22:39:38 2013] [main][info]  Sox started? 1
[Mon Jul 22 22:39:39 2013] [main][info]  Sox started? 1
[Mon Jul 22 22:39:40 2013] [main][info]  Sox started? 1
[Mon Jul 22 22:39:41 2013] [main][info]  Sox started? 1
[Mon Jul 22 22:39:42 2013] [main][info]  Sox started? 1
[Mon Jul 22 22:39:43 2013] [main][info]  Sox started? 1
[Mon Jul 22 22:39:44 2013] [main][info]  Sox started? 1
[Mon Jul 22 22:39:45 2013] [main][info]  Sox started? 1
[Mon Jul 22 22:39:46 2013] [main][info]  Sox started? 1
[Mon Jul 22 22:39:47 2013] [main][info]  Sox started? 1
[Mon Jul 22 22:39:48 2013] [main][info]  Sox started? 1
[Mon Jul 22 22:39:49 2013] [main][info]  Sox started? 1
[Mon Jul 22 22:39:50 2013] [main][info]  Sox started? 1
[Mon Jul 22 22:39:51 2013] [main][info]  Sox started? 1
[Mon Jul 22 22:39:52 2013] [main][info]  Sox started? 1
[Mon Jul 22 22:39:53 2013] [main][info]  Sox started? 1
[Mon Jul 22 22:39:54 2013] [main][info]  Sox started? 1
[Mon Jul 22 22:39:55 2013] [main][info]  Sox started? 1
[Mon Jul 22 22:39:56 2013] [main][info]  Sox started? 1
[Mon Jul 22 22:39:57 2013] [main][info]  Sox started? 1
[Mon Jul 22 22:39:58 2013] [main][info]  Sox started? 1
[Mon Jul 22 22:39:59 2013] [main][info]  Sox started? 1
[Mon Jul 22 22:40:00 2013] [main][info]  Sox started? 1
[Mon Jul 22 22:40:01 2013] [main][info]  Sox started? 1
[Mon Jul 22 22:40:02 2013] [main][info]  Sox started? 1
[Mon Jul 22 22:40:03 2013] [main][info]  Sox started? 1
[Mon Jul 22 22:40:04 2013] [main][info]  Sox started? 1
[Mon Jul 22 22:40:05 2013] [main][info]  Sox started? 1
[Mon Jul 22 22:40:06 2013] [main][info]  Sox started? 1
[Mon Jul 22 22:40:07 2013] [main][info]  Sox started? 1
[Mon Jul 22 22:40:08 2013] [main][info]  Sox started? 1
[Mon Jul 22 22:40:09 2013] [main][info]  Sox started? 1
[Mon Jul 22 22:40:10 2013] [main][info]  Sox started? 1
[Mon Jul 22 22:40:11 2013] [main][info]  Sox started? 1
[Mon Jul 22 22:40:12 2013] [main][info]  Sox started? 1
[Mon Jul 22 22:40:15 2013] [main][info]  Sox started? 1
[Mon Jul 22 22:40:16 2013] [main][info]  Sox started? 1
[Mon Jul 22 22:40:17 2013] [main][info]  Sox started? 1
[Mon Jul 22 22:40:18 2013] [main][info]  Sox started? 1
[Mon Jul 22 22:40:19 2013] [main][info]  Sox started? 1
[Mon Jul 22 22:40:20 2013] [main][info]  Sox started? 1
[Mon Jul 22 22:40:21 2013] [main][info]  Sox started? 1
[Mon Jul 22 22:40:22 2013] [main][info]  Sox started? 1
[Mon Jul 22 22:40:23 2013] [main][info]  Sox started? 1
[Mon Jul 22 22:40:24 2013] [main][info]  Sox started? 1
[Mon Jul 22 22:40:25 2013] [main][info]  Sox started? 1
[Mon Jul 22 22:40:26 2013] [main][info]  Sox started? 1
[Mon Jul 22 22:40:27 2013] [main][info]  Sox started? 1
[Mon Jul 22 22:40:28 2013] [main][info]  Sox started? 1
[Mon Jul 22 22:40:29 2013] [main][info]  Sox started? 1
[Mon Jul 22 22:40:30 2013] [main][info]  Sox started? 1
[Mon Jul 22 22:40:31 2013] [main][info]  Sox started? 1
[Mon Jul 22 22:40:32 2013] [main][info]  Sox started? 1
[Mon Jul 22 22:40:33 2013] [main][info]  Sox started? 1
[Mon Jul 22 22:40:34 2013] [main][info]  Sox started? 1
[Mon Jul 22 22:40:35 2013] [main][info]  Sox started? 1
[Mon Jul 22 22:40:36 2013] [main][info]  Sox started? 1
[Mon Jul 22 22:40:37 2013] [main][info]  Sox started? 1
[Mon Jul 22 22:40:38 2013] [main][info]  Sox started? 1
[Mon Jul 22 22:40:39 2013] [main][info]  Sox started? 1
[Mon Jul 22 22:40:40 2013] [main][info]  Sox started? 1
[Mon Jul 22 22:40:41 2013] [main][info]  Sox started? 1
[Mon Jul 22 22:40:42 2013] [main][info]  Sox started? 1
[Mon Jul 22 22:40:44 2013] [main][info] Node started
[Mon Jul 22 22:40:45 2013] [main][info]  Sox started? 1
[Mon Jul 22 22:40:46 2013] [main][info]  Sox started? 1
[Mon Jul 22 22:40:47 2013] [main][info]  Sox started? 1
[Mon Jul 22 22:40:48 2013] [main][info]  Sox started? 1
[Mon Jul 22 22:40:49 2013] [main][info]  Sox started? 1
[Mon Jul 22 22:40:50 2013] [main][info]  Sox started? 1
[Mon Jul 22 22:40:51 2013] [main][info]  Sox started? 1
[Mon Jul 22 22:40:52 2013] [main][info]  Sox started? 1
[Mon Jul 22 22:40:53 2013] [main][info]  Sox started? 1
[Mon Jul 22 22:40:54 2013] [main][info]  Sox started? 1
[Mon Jul 22 22:40:55 2013] [main][info]  Sox started? 1
[Mon Jul 22 22:40:56 2013] [main][info]  Sox started? 1
[Mon Jul 22 22:40:57 2013] [main][info]  Sox started? 1
[Mon Jul 22 22:40:58 2013] [main][info]  Sox started? 1
[Mon Jul 22 22:40:59 2013] [main][info]  Sox started? 1
[Mon Jul 22 22:41:00 2013] [main][info]  Sox started? 1
[Mon Jul 22 22:41:01 2013] [main][info]  Sox started? 1
[Mon Jul 22 22:41:02 2013] [main][info]  Sox started? 1
[Mon Jul 22 22:41:03 2013] [main][info]  Sox started? 1
[Mon Jul 22 22:41:04 2013] [main][info]  Sox started? 1
[Mon Jul 22 22:41:05 2013] [main][info]  Sox started? 1
[Mon Jul 22 22:41:06 2013] [main][info]  Sox started? 1
[Mon Jul 22 22:41:07 2013] [main][info]  Sox started? 1
[Mon Jul 22 22:41:08 2013] [main][info]  Sox started? 1
[Mon Jul 22 22:41:09 2013] [main][info]  Sox started? 1
[Mon Jul 22 22:41:10 2013] [main][info]  Sox started? 1
[Mon Jul 22 22:41:11 2013] [main][info]  Sox started? 1
[Mon Jul 22 22:41:12 2013] [main][info]  Sox started? 1
[Mon Jul 22 22:41:13 2013] [main][info]  Sox started? 1
[Mon Jul 22 22:41:14 2013] [main][info]  Sox started? 1
[Mon Jul 22 22:41:15 2013] [main][info]  Sox started? 1
[Mon Jul 22 22:41:16 2013] [main][info]  Sox started? 1
[Mon Jul 22 22:41:17 2013] [main][info]  Sox started? 1
[Mon Jul 22 22:41:18 2013] [main][info]  Sox started? 1
[Mon Jul 22 22:41:19 2013] [main][info]  Sox started? 1
[Mon Jul 22 22:41:20 2013] [main][info]  Sox started? 1
[Mon Jul 22 22:41:22 2013] [main][info] Node started
[Mon Jul 22 22:41:23 2013] [main][info]  Sox started? 1
[Mon Jul 22 22:41:24 2013] [main][info]  Sox started? 1
[Mon Jul 22 22:41:38 2013] [main][info] Node started
[Mon Jul 22 22:41:39 2013] [main][info]  Sox started? 1
[Mon Jul 22 22:41:40 2013] [main][info]  Sox started? 1
[Mon Jul 22 22:41:41 2013] [main][info]  Sox started? 1
[Mon Jul 22 22:41:42 2013] [main][info]  Sox started? 1
[Mon Jul 22 22:41:43 2013] [main][info]  Sox started? 1
[Mon Jul 22 22:41:44 2013] [main][info]  Sox started? 1
[Mon Jul 22 22:41:46 2013] [main][info]  Sox started? 1
[Mon Jul 22 22:41:47 2013] [main][info]  Sox started? 1
[Mon Jul 22 22:41:48 2013] [main][info]  Sox started? 1
[Mon Jul 22 22:42:24 2013] [main][info] Node started
[Mon Jul 22 22:42:25 2013] [main][info]  Sox started? 1
[Mon Jul 22 22:42:26 2013] [main][info]  Sox started? 1
[Mon Jul 22 22:42:39 2013] [main][info] Node started
[Mon Jul 22 22:42:40 2013] [main][info]  Sox started? 1
[Mon Jul 22 22:42:41 2013] [main][info]  Sox started? 1
[Mon Jul 22 22:42:42 2013] [main][info]  Sox started? 1
[Mon Jul 22 22:42:43 2013] [main][info]  Sox started? 1
[Mon Jul 22 22:42:44 2013] [main][info]  Sox started? 1
[Mon Jul 22 22:42:45 2013] [main][info]  Sox started? 1
[Mon Jul 22 22:42:47 2013] [main][info]  Sox started? 1
[Mon Jul 22 22:42:48 2013] [main][info]  Sox started? 1
[Mon Jul 22 22:42:49 2013] [main][info]  Sox started? 1
[Mon Jul 22 22:42:50 2013] [main][info] Node started
[Mon Jul 22 22:42:51 2013] [main][info]  Sox started? 1
[Mon Jul 22 22:42:52 2013] [main][info]  Sox started? 1
[Mon Jul 22 22:42:53 2013] [main][info]  Sox started? 1
[Mon Jul 22 22:42:54 2013] [main][info]  Sox started? 1
[Mon Jul 22 22:42:55 2013] [main][info]  Sox started? 1
[Mon Jul 22 22:42:56 2013] [main][info]  Sox started? 1
[Mon Jul 22 22:42:57 2013] [main][info]  Sox started? 1
[Mon Jul 22 22:42:58 2013] [main][info]  Sox started? 1
[Mon Jul 22 22:42:59 2013] [main][info]  Sox started? 1
[Mon Jul 22 22:43:00 2013] [main][info]  Sox started? 1
[Mon Jul 22 22:43:01 2013] [main][info]  Sox started? 1
[Mon Jul 22 22:43:02 2013] [main][info]  Sox started? 1
[Mon Jul 22 22:43:03 2013] [main][info]  Sox started? 1
[Mon Jul 22 22:43:04 2013] [main][info]  Sox started? 1
[Mon Jul 22 22:43:05 2013] [main][info]  Sox started? 1
[Mon Jul 22 22:43:06 2013] [main][info]  Sox started? 1
[Mon Jul 22 22:43:07 2013] [main][info]  Sox started? 1
[Mon Jul 22 22:43:08 2013] [main][info]  Sox started? 1
[Mon Jul 22 22:43:09 2013] [main][info]  Sox started? 1
[Mon Jul 22 22:43:10 2013] [main][info]  Sox started? 1
[Mon Jul 22 22:43:11 2013] [main][info]  Sox started? 1
[Mon Jul 22 22:43:12 2013] [main][info]  Sox started? 1
[Mon Jul 22 22:43:13 2013] [main][info]  Sox started? 1
[Mon Jul 22 22:43:14 2013] [main][info]  Sox started? 1
[Mon Jul 22 22:43:15 2013] [main][info]  Sox started? 1
[Mon Jul 22 22:43:16 2013] [main][info]  Sox started? 1
[Mon Jul 22 22:43:17 2013] [main][info]  Sox started? 1
[Mon Jul 22 22:43:18 2013] [main][info]  Sox started? 1
[Mon Jul 22 22:43:20 2013] [main][info] Node started
[Mon Jul 22 22:43:21 2013] [main][info]  Sox started? 1
[Mon Jul 22 22:43:22 2013] [main][info]  Sox started? 1
[Mon Jul 22 22:43:23 2013] [main][info]  Sox started? 1
[Mon Jul 22 22:43:24 2013] [main][info]  Sox started? 1
[Mon Jul 22 22:43:25 2013] [main][info]  Sox started? 1
[Mon Jul 22 22:43:26 2013] [main][info]  Sox started? 1
[Mon Jul 22 22:43:27 2013] [main][info]  Sox started? 1
[Mon Jul 22 22:43:28 2013] [main][info]  Sox started? 1
[Mon Jul 22 22:43:29 2013] [main][info]  Sox started? 1
[Mon Jul 22 22:43:30 2013] [main][info]  Sox started? 1
[Mon Jul 22 22:43:31 2013] [main][info]  Sox started? 1
[Mon Jul 22 22:43:32 2013] [main][info]  Sox started? 1
[Mon Jul 22 22:43:33 2013] [main][info]  Sox started? 1
[Mon Jul 22 22:43:34 2013] [main][info]  Sox started? 1
[Mon Jul 22 22:43:35 2013] [main][info]  Sox started? 1
[Mon Jul 22 22:43:36 2013] [main][info]  Sox started? 1
[Mon Jul 22 22:43:37 2013] [main][info]  Sox started? 1
[Mon Jul 22 22:43:38 2013] [main][info]  Sox started? 1
[Mon Jul 22 22:43:39 2013] [main][info]  Sox started? 1
[Mon Jul 22 22:43:40 2013] [main][info]  Sox started? 1
[Mon Jul 22 22:43:41 2013] [main][info]  Sox started? 1
[Mon Jul 22 22:43:42 2013] [main][info]  Sox started? 1
[Mon Jul 22 22:43:43 2013] [main][info]  Sox started? 1
[Mon Jul 22 22:43:44 2013] [main][info]  Sox started? 1
[Mon Jul 22 22:43:45 2013] [main][info]  Sox started? 1
[Mon Jul 22 22:43:46 2013] [main][info]  Sox started? 1
[Mon Jul 22 22:43:47 2013] [main][info]  Sox started? 1
[Mon Jul 22 22:43:48 2013] [main][info]  Sox started? 1
[Mon Jul 22 22:43:49 2013] [main][info]  Sox started? 1
[Mon Jul 22 22:43:50 2013] [main][info]  Sox started? 1
[Mon Jul 22 22:43:51 2013] [main][info]  Sox started? 1
[Mon Jul 22 22:43:52 2013] [main][info]  Sox started? 1
[Mon Jul 22 22:43:53 2013] [main][info]  Sox started? 1
[Mon Jul 22 22:43:54 2013] [main][info]  Sox started? 1
[Mon Jul 22 22:43:55 2013] [main][info]  Sox started? 1
[Mon Jul 22 22:43:56 2013] [main][info]  Sox started? 1
[Mon Jul 22 22:43:57 2013] [main][info]  Sox started? 1
[Mon Jul 22 22:43:58 2013] [main][info]  Sox started? 1
[Mon Jul 22 22:43:59 2013] [main][info]  Sox started? 1
[Mon Jul 22 22:44:00 2013] [main][info]  Sox started? 1
[Mon Jul 22 22:44:01 2013] [main][info]  Sox started? 1
[Mon Jul 22 22:44:02 2013] [main][info]  Sox started? 1
[Mon Jul 22 22:44:03 2013] [main][info]  Sox started? 1
[Mon Jul 22 22:44:04 2013] [main][info]  Sox started? 1
[Mon Jul 22 22:44:05 2013] [main][info]  Sox started? 1
[Mon Jul 22 22:44:06 2013] [main][info]  Sox started? 1
[Mon Jul 22 22:44:07 2013] [main][info]  Sox started? 1
[Mon Jul 22 22:44:08 2013] [main][info]  Sox started? 1
[Mon Jul 22 22:44:09 2013] [main][info]  Sox started? 1
[Mon Jul 22 22:44:10 2013] [main][info]  Sox started? 1
[Mon Jul 22 22:44:11 2013] [main][info]  Sox started? 1
[Mon Jul 22 22:44:12 2013] [main][info]  Sox started? 1
[Mon Jul 22 22:44:13 2013] [main][info]  Sox started? 1
[Mon Jul 22 22:44:14 2013] [main][info]  Sox started? 1
[Mon Jul 22 22:44:15 2013] [main][info]  Sox started? 1
[Mon Jul 22 22:44:16 2013] [main][info]  Sox started? 1
[Mon Jul 22 22:44:17 2013] [main][info]  Sox started? 1
[Mon Jul 22 22:44:18 2013] [main][info]  Sox started? 1
[Mon Jul 22 22:44:19 2013] [main][info]  Sox started? 1
[Mon Jul 22 22:44:20 2013] [main][info]  Sox started? 1
[Mon Jul 22 22:44:21 2013] [main][info]  Sox started? 1
[Mon Jul 22 22:44:22 2013] [main][info]  Sox started? 1
[Mon Jul 22 22:44:23 2013] [main][info]  Sox started? 1
[Mon Jul 22 22:44:24 2013] [main][info]  Sox started? 1
[Mon Jul 22 22:44:25 2013] [main][info]  Sox started? 1
[Mon Jul 22 22:44:26 2013] [main][info]  Sox started? 1
[Mon Jul 22 22:44:28 2013] [main][info] Node started
[Mon Jul 22 22:44:29 2013] [main][info]  Sox started? 1
[Mon Jul 22 22:44:29 2013] [main][info]  Monitor started? 
[Mon Jul 22 22:44:30 2013] [main][info]  Sox started? 1
[Mon Jul 22 22:44:30 2013] [main][info]  Monitor started? 
[Mon Jul 22 22:44:46 2013] [main][info] Node started
[Mon Jul 22 22:44:47 2013] [main][info]  Sox started? 1
[Mon Jul 22 22:44:47 2013] [main][info]  Monitor started? 
[Mon Jul 22 22:44:48 2013] [main][info]  Sox started? 1
[Mon Jul 22 22:44:48 2013] [main][info]  Monitor started? 
[Mon Jul 22 22:45:00 2013] [main][info] Node started
[Mon Jul 22 22:45:01 2013] [main][info]  Sox started? 1
[Mon Jul 22 22:45:01 2013] [main][info]  Monitor started? 
[Mon Jul 22 22:45:02 2013] [main][info]  Sox started? 1
[Mon Jul 22 22:45:02 2013] [main][info]  Monitor started? 
[Mon Jul 22 22:45:03 2013] [main][info]  Sox started? 1
[Mon Jul 22 22:45:03 2013] [main][info]  Monitor started? 
[Mon Jul 22 22:45:04 2013] [main][info]  Sox started? 1
[Mon Jul 22 22:45:04 2013] [main][info]  Monitor started? 
[Mon Jul 22 22:45:05 2013] [main][info]  Sox started? 1
[Mon Jul 22 22:45:05 2013] [main][info]  Monitor started? 
[Mon Jul 22 22:45:06 2013] [main][info]  Sox started? 1
[Mon Jul 22 22:45:06 2013] [main][info]  Monitor started? 
[Mon Jul 22 22:45:17 2013] [main][info] Node started
[Mon Jul 22 22:45:18 2013] [main][info]  Sox started? 1
[Mon Jul 22 22:45:18 2013] [main][info]  Monitor started? 
[Mon Jul 22 22:45:19 2013] [main][info]  Sox started? 1
[Mon Jul 22 22:45:19 2013] [main][info]  Monitor started? 
[Mon Jul 22 22:45:20 2013] [main][info]  Sox started? 1
[Mon Jul 22 22:45:20 2013] [main][info]  Monitor started? 
[Mon Jul 22 22:45:21 2013] [main][info]  Sox started? 1
[Mon Jul 22 22:45:21 2013] [main][info]  Monitor started? 
[Mon Jul 22 22:45:22 2013] [main][info]  Sox started? 1
[Mon Jul 22 22:45:22 2013] [main][info]  Monitor started? 
[Mon Jul 22 22:45:23 2013] [main][info]  Sox started? 1
[Mon Jul 22 22:45:23 2013] [main][info]  Monitor started? 
[Mon Jul 22 22:45:24 2013] [main][info]  Sox started? 1
[Mon Jul 22 22:45:24 2013] [main][info]  Monitor started? 
[Mon Jul 22 22:45:25 2013] [main][info]  Sox started? 1
[Mon Jul 22 22:45:25 2013] [main][info]  Monitor started? 
[Mon Jul 22 22:45:26 2013] [main][info]  Sox started? 1
[Mon Jul 22 22:45:26 2013] [main][info]  Monitor started? 
[Mon Jul 22 22:45:27 2013] [main][info]  Sox started? 1
[Mon Jul 22 22:45:27 2013] [main][info]  Monitor started? 
[Mon Jul 22 22:45:28 2013] [main][info]  Sox started? 1
[Mon Jul 22 22:45:28 2013] [main][info]  Monitor started? 
[Mon Jul 22 22:45:29 2013] [main][info]  Sox started? 1
[Mon Jul 22 22:45:29 2013] [main][info]  Monitor started? 
[Mon Jul 22 22:45:30 2013] [main][info]  Sox started? 1
[Mon Jul 22 22:45:30 2013] [main][info]  Monitor started? 
[Mon Jul 22 22:45:31 2013] [main][info]  Sox started? 1
[Mon Jul 22 22:45:31 2013] [main][info]  Monitor started? 
[Mon Jul 22 22:45:32 2013] [main][info]  Sox started? 1
[Mon Jul 22 22:45:32 2013] [main][info]  Monitor started? 
[Mon Jul 22 22:45:33 2013] [main][info]  Sox started? 1
[Mon Jul 22 22:45:33 2013] [main][info]  Monitor started? 
[Mon Jul 22 22:45:34 2013] [main][info]  Sox started? 1
[Mon Jul 22 22:45:34 2013] [main][info]  Monitor started? 
[Mon Jul 22 22:45:35 2013] [main][info]  Sox started? 1
[Mon Jul 22 22:45:35 2013] [main][info]  Monitor started? 
[Mon Jul 22 22:45:36 2013] [main][info]  Sox started? 1
[Mon Jul 22 22:45:36 2013] [main][info]  Monitor started? 
[Mon Jul 22 22:45:37 2013] [main][info]  Sox started? 1
[Mon Jul 22 22:45:37 2013] [main][info]  Monitor started? 
[Mon Jul 22 22:45:38 2013] [main][info]  Sox started? 1
[Mon Jul 22 22:45:38 2013] [main][info]  Monitor started? 
[Mon Jul 22 22:45:39 2013] [main][info]  Sox started? 1
[Mon Jul 22 22:45:39 2013] [main][info]  Monitor started? 
[Mon Jul 22 22:45:40 2013] [main][info]  Sox started? 1
[Mon Jul 22 22:45:40 2013] [main][info]  Monitor started? 
[Mon Jul 22 22:45:41 2013] [main][info]  Sox started? 1
[Mon Jul 22 22:45:41 2013] [main][info]  Monitor started? 
[Mon Jul 22 22:45:42 2013] [main][info]  Sox started? 1
[Mon Jul 22 22:45:42 2013] [main][info]  Monitor started? 
[Mon Jul 22 22:45:43 2013] [main][info]  Sox started? 1
[Mon Jul 22 22:45:43 2013] [main][info]  Monitor started? 
[Mon Jul 22 22:45:44 2013] [main][info]  Sox started? 1
[Mon Jul 22 22:45:44 2013] [main][info]  Monitor started? 
[Mon Jul 22 22:45:45 2013] [main][info]  Sox started? 1
[Mon Jul 22 22:45:45 2013] [main][info]  Monitor started? 
[Mon Jul 22 22:45:46 2013] [main][info]  Sox started? 1
[Mon Jul 22 22:45:46 2013] [main][info]  Monitor started? 
[Mon Jul 22 22:45:47 2013] [main][info]  Sox started? 1
[Mon Jul 22 22:45:47 2013] [main][info]  Monitor started? 
[Mon Jul 22 22:45:48 2013] [main][info]  Sox started? 1
[Mon Jul 22 22:45:48 2013] [main][info]  Monitor started? 
[Mon Jul 22 22:45:49 2013] [main][info]  Sox started? 1
[Mon Jul 22 22:45:49 2013] [main][info]  Monitor started? 
[Mon Jul 22 22:45:50 2013] [main][info]  Sox started? 1
[Mon Jul 22 22:45:50 2013] [main][info]  Monitor started? 
[Mon Jul 22 22:45:51 2013] [main][info]  Sox started? 1
[Mon Jul 22 22:45:51 2013] [main][info]  Monitor started? 
[Mon Jul 22 22:45:52 2013] [main][info]  Sox started? 1
[Mon Jul 22 22:45:52 2013] [main][info]  Monitor started? 
[Mon Jul 22 22:45:53 2013] [main][info]  Sox started? 1
[Mon Jul 22 22:45:53 2013] [main][info]  Monitor started? 
[Mon Jul 22 22:45:54 2013] [main][info]  Sox started? 1
[Mon Jul 22 22:45:54 2013] [main][info]  Monitor started? 
[Mon Jul 22 22:45:55 2013] [main][info]  Sox started? 1
[Mon Jul 22 22:45:55 2013] [main][info]  Monitor started? 
[Mon Jul 22 22:45:56 2013] [main][info]  Sox started? 1
[Mon Jul 22 22:45:56 2013] [main][info]  Monitor started? 
[Mon Jul 22 22:45:57 2013] [main][info]  Sox started? 1
[Mon Jul 22 22:45:57 2013] [main][info]  Monitor started? 
[Mon Jul 22 22:45:58 2013] [main][info]  Sox started? 1
[Mon Jul 22 22:45:58 2013] [main][info]  Monitor started? 
[Mon Jul 22 22:45:59 2013] [main][info]  Sox started? 1
[Mon Jul 22 22:45:59 2013] [main][info]  Monitor started? 
[Mon Jul 22 22:46:00 2013] [main][info]  Sox started? 1
[Mon Jul 22 22:46:00 2013] [main][info]  Monitor started? 
[Mon Jul 22 22:46:01 2013] [main][info]  Sox started? 1
[Mon Jul 22 22:46:01 2013] [main][info]  Monitor started? 
[Mon Jul 22 22:46:02 2013] [main][info]  Sox started? 1
[Mon Jul 22 22:46:02 2013] [main][info]  Monitor started? 
[Mon Jul 22 22:46:03 2013] [main][info]  Sox started? 1
[Mon Jul 22 22:46:03 2013] [main][info]  Monitor started? 
[Mon Jul 22 22:46:04 2013] [main][info]  Sox started? 1
[Mon Jul 22 22:46:04 2013] [main][info]  Monitor started? 
[Mon Jul 22 22:46:07 2013] [main][info] Node started
[Mon Jul 22 22:46:08 2013] [main][info]  Sox started? 1
[Mon Jul 22 22:46:08 2013] [main][info]  Monitor started? 
[Mon Jul 22 22:46:09 2013] [main][info]  Sox started? 1
[Mon Jul 22 22:46:09 2013] [main][info]  Monitor started? 
[Mon Jul 22 22:46:26 2013] [main][info] Node started
[Mon Jul 22 22:46:27 2013] [main][info]  Sox started? 1
[Mon Jul 22 22:46:27 2013] [main][info]  Monitor started? 
[Mon Jul 22 22:46:28 2013] [main][info]  Sox started? 1
[Mon Jul 22 22:46:28 2013] [main][info]  Monitor started? 
[Mon Jul 22 22:46:29 2013] [main][info]  Sox started? 1
[Mon Jul 22 22:46:29 2013] [main][info]  Monitor started? 
[Mon Jul 22 22:46:30 2013] [main][info]  Sox started? 1
[Mon Jul 22 22:46:30 2013] [main][info]  Monitor started? 
[Mon Jul 22 22:46:31 2013] [main][info]  Sox started? 1
[Mon Jul 22 22:46:31 2013] [main][info]  Monitor started? 
[Mon Jul 22 22:46:32 2013] [main][info]  Sox started? 1
[Mon Jul 22 22:46:32 2013] [main][info]  Monitor started? 
[Mon Jul 22 22:46:58 2013] [main][info] Node started
[Mon Jul 22 22:46:59 2013] [main][info]  Sox started? 1
[Mon Jul 22 22:46:59 2013] [main][info]  Monitor started? 
[Mon Jul 22 22:47:16 2013] [main][info] Node started
[Mon Jul 22 22:47:17 2013] [main][info]  Sox started? 1
[Mon Jul 22 22:47:17 2013] [main][info]  Monitor started? 
[Mon Jul 22 22:47:21 2013] [main][info] Node started
[Mon Jul 22 22:47:40 2013] [main][info] Node started
[Mon Jul 22 22:47:42 2013] [main][info]  Sox started? 1
[Mon Jul 22 22:47:42 2013] [main][info]  Monitor started? 1
[Mon Jul 22 22:47:43 2013] [main][info]  Sox started? 1
[Mon Jul 22 22:47:43 2013] [main][info]  Monitor started? 1
[Mon Jul 22 22:47:44 2013] [main][info]  Sox started? 1
[Mon Jul 22 22:47:44 2013] [main][info]  Monitor started? 1
[Mon Jul 22 22:47:45 2013] [main][info]  Sox started? 1
[Mon Jul 22 22:47:45 2013] [main][info]  Monitor started? 1
[Mon Jul 22 22:50:55 2013] [main][info] Node started
[Mon Jul 22 22:50:56 2013] [main][info]  Sox started? 1
[Mon Jul 22 22:50:56 2013] [main][info]  Monitor started? 1
[Mon Jul 22 22:50:57 2013] [main][info]  Sox started? 1
[Mon Jul 22 22:50:57 2013] [main][info]  Monitor started? 1
[Mon Jul 22 22:50:58 2013] [main][info]  Sox started? 1
[Mon Jul 22 22:50:58 2013] [main][info]  Monitor started? 1
[Mon Jul 22 22:50:59 2013] [main][info]  Sox started? 1
[Mon Jul 22 22:50:59 2013] [main][info]  Monitor started? 1
[Mon Jul 22 22:51:00 2013] [main][info]  Sox started? 1
[Mon Jul 22 22:51:00 2013] [main][info]  Monitor started? 1
[Mon Jul 22 22:51:01 2013] [main][info]  Sox started? 1
[Mon Jul 22 22:51:01 2013] [main][info]  Monitor started? 1
[Mon Jul 22 22:51:02 2013] [main][info]  Sox started? 1
[Mon Jul 22 22:51:02 2013] [main][info]  Monitor started? 1
[Mon Jul 22 22:51:03 2013] [main][info]  Sox started? 1
[Mon Jul 22 22:51:03 2013] [main][info]  Monitor started? 1
[Mon Jul 22 22:51:04 2013] [main][info] Node started
[Mon Jul 22 22:51:06 2013] [main][info]  Sox started? 1
[Mon Jul 22 22:51:06 2013] [main][info]  Monitor started? 
[Mon Jul 22 22:51:07 2013] [main][info]  Sox started? 1
[Mon Jul 22 22:51:07 2013] [main][info]  Monitor started? 
[Mon Jul 22 22:51:08 2013] [main][info]  Sox started? 1
[Mon Jul 22 22:51:08 2013] [main][info]  Monitor started? 
[Mon Jul 22 22:51:46 2013] [main][info] Node started
[Mon Jul 22 22:51:47 2013] [main][info]  Sox started? 1
[Mon Jul 22 22:51:47 2013] [main][info]  Monitor started? 
[Mon Jul 22 22:51:48 2013] [main][info]  Sox started? 1
[Mon Jul 22 22:51:48 2013] [main][info]  Monitor started? 
[Mon Jul 22 22:51:49 2013] [main][info]  Sox started? 1
[Mon Jul 22 22:51:49 2013] [main][info]  Monitor started? 
[Mon Jul 22 22:51:50 2013] [main][info]  Sox started? 1
[Mon Jul 22 22:51:50 2013] [main][info]  Monitor started? 
[Mon Jul 22 22:51:51 2013] [main][info]  Sox started? 1
[Mon Jul 22 22:51:51 2013] [main][info]  Monitor started? 
[Mon Jul 22 22:51:52 2013] [main][info]  Sox started? 1
[Mon Jul 22 22:51:52 2013] [main][info]  Monitor started? 
[Mon Jul 22 22:51:53 2013] [main][info]  Sox started? 1
[Mon Jul 22 22:51:53 2013] [main][info]  Monitor started? 
[Mon Jul 22 22:51:54 2013] [main][info]  Sox started? 1
[Mon Jul 22 22:51:54 2013] [main][info]  Monitor started? 
[Mon Jul 22 22:51:55 2013] [main][info]  Sox started? 1
[Mon Jul 22 22:51:55 2013] [main][info]  Monitor started? 
[Mon Jul 22 22:51:56 2013] [main][info]  Sox started? 1
[Mon Jul 22 22:51:56 2013] [main][info]  Monitor started? 
[Mon Jul 22 22:51:57 2013] [main][info]  Sox started? 1
[Mon Jul 22 22:51:57 2013] [main][info]  Monitor started? 
[Mon Jul 22 22:51:58 2013] [main][info]  Sox started? 1
[Mon Jul 22 22:51:58 2013] [main][info]  Monitor started? 
[Mon Jul 22 22:51:59 2013] [main][info]  Sox started? 1
[Mon Jul 22 22:51:59 2013] [main][info]  Monitor started? 
[Mon Jul 22 22:52:43 2013] [main][info] Node started
[Mon Jul 22 22:52:44 2013] [main][info]  Sox started? 1
[Mon Jul 22 22:52:44 2013] [main][info]  Monitor started? 1
[Mon Jul 22 22:52:45 2013] [main][info]  Sox started? 
[Mon Jul 22 22:52:45 2013] [main][info]  Monitor started? 1
[Mon Jul 22 22:52:46 2013] [main][info]  Sox started? 
[Mon Jul 22 22:52:46 2013] [main][info]  Monitor started? 1
[Mon Jul 22 22:53:19 2013] [main][info] Node started
[Mon Jul 22 22:53:20 2013] [main][info]  Sox started? 1
[Mon Jul 22 22:53:20 2013] [main][info]  Monitor started? 1
[Mon Jul 22 22:53:22 2013] [main][info]  Sox started? 
[Mon Jul 22 22:53:22 2013] [main][info]  Monitor started? 1
[Mon Jul 22 22:55:39 2013] [main][info] Node started
[Mon Jul 22 22:55:40 2013] [main][info]  Sox started? 1
[Mon Jul 22 22:55:40 2013] [main][info]  Monitor started? 1
[Mon Jul 22 22:55:41 2013] [main][info]  Sox started? 
[Mon Jul 22 22:55:41 2013] [main][info]  Monitor started? 1
[Mon Jul 22 22:55:42 2013] [main][info]  Sox started? 
[Mon Jul 22 22:55:42 2013] [main][info]  Monitor started? 1
[Mon Jul 22 22:56:41 2013] [main][info] Node started
[Mon Jul 22 22:56:42 2013] [main][info]  Sox started? 1
[Mon Jul 22 22:56:42 2013] [main][info]  Monitor started? 1
[Mon Jul 22 22:56:43 2013] [main][info]  Sox started? 
[Mon Jul 22 22:56:43 2013] [main][info]  Monitor started? 1
[Mon Jul 22 22:56:44 2013] [main][info]  Sox started? 
[Mon Jul 22 22:56:44 2013] [main][info]  Monitor started? 1
[Mon Jul 22 22:56:45 2013] [main][info]  Sox started? 
[Mon Jul 22 22:56:45 2013] [main][info]  Monitor started? 1
[Mon Jul 22 22:56:46 2013] [main][info]  Sox started? 
[Mon Jul 22 22:56:46 2013] [main][info]  Monitor started? 1
[Mon Jul 22 22:56:47 2013] [main][info]  Sox started? 
[Mon Jul 22 22:56:47 2013] [main][info]  Monitor started? 1
[Mon Jul 22 22:56:48 2013] [main][info]  Sox started? 
[Mon Jul 22 22:56:48 2013] [main][info]  Monitor started? 1
[Mon Jul 22 22:56:50 2013] [main][info]  Sox started? 
[Mon Jul 22 22:56:50 2013] [main][info]  Monitor started? 1
[Mon Jul 22 22:56:51 2013] [main][info]  Sox started? 
[Mon Jul 22 22:56:51 2013] [main][info]  Monitor started? 1
[Mon Jul 22 22:56:52 2013] [main][info]  Sox started? 
[Mon Jul 22 22:56:52 2013] [main][info]  Monitor started? 1
[Mon Jul 22 22:56:53 2013] [main][info]  Sox started? 
[Mon Jul 22 22:56:53 2013] [main][info]  Monitor started? 1
[Mon Jul 22 22:56:54 2013] [main][info]  Sox started? 
[Mon Jul 22 22:56:54 2013] [main][info]  Monitor started? 1
[Mon Jul 22 22:56:55 2013] [main][info]  Sox started? 
[Mon Jul 22 22:56:55 2013] [main][info]  Monitor started? 1
[Mon Jul 22 22:56:56 2013] [main][info]  Sox started? 
[Mon Jul 22 22:56:56 2013] [main][info]  Monitor started? 1
[Mon Jul 22 22:56:57 2013] [main][info]  Sox started? 
[Mon Jul 22 22:56:57 2013] [main][info]  Monitor started? 1
[Mon Jul 22 22:56:58 2013] [main][info]  Sox started? 
[Mon Jul 22 22:56:58 2013] [main][info]  Monitor started? 1
[Mon Jul 22 22:56:59 2013] [main][info]  Sox started? 
[Mon Jul 22 22:56:59 2013] [main][info]  Monitor started? 1
[Mon Jul 22 22:57:00 2013] [main][info]  Sox started? 
[Mon Jul 22 22:57:00 2013] [main][info]  Monitor started? 1
[Mon Jul 22 22:57:01 2013] [main][info]  Sox started? 
[Mon Jul 22 22:57:01 2013] [main][info]  Monitor started? 1
[Mon Jul 22 22:57:02 2013] [main][info]  Sox started? 
[Mon Jul 22 22:57:02 2013] [main][info]  Monitor started? 1
[Mon Jul 22 22:57:03 2013] [main][info]  Sox started? 
[Mon Jul 22 22:57:03 2013] [main][info]  Monitor started? 1
[Mon Jul 22 22:57:04 2013] [main][info]  Sox started? 
[Mon Jul 22 22:57:04 2013] [main][info]  Monitor started? 1
[Mon Jul 22 22:57:05 2013] [main][info]  Sox started? 
[Mon Jul 22 22:57:05 2013] [main][info]  Monitor started? 1
[Mon Jul 22 22:57:06 2013] [main][info]  Sox started? 
[Mon Jul 22 22:57:06 2013] [main][info]  Monitor started? 1
[Mon Jul 22 22:57:07 2013] [main][info]  Sox started? 
[Mon Jul 22 22:57:07 2013] [main][info]  Monitor started? 1
[Mon Jul 22 22:57:08 2013] [main][info]  Sox started? 
[Mon Jul 22 22:57:08 2013] [main][info]  Monitor started? 1
[Mon Jul 22 22:57:09 2013] [main][info]  Sox started? 
[Mon Jul 22 22:57:09 2013] [main][info]  Monitor started? 1
[Mon Jul 22 22:57:10 2013] [main][info]  Sox started? 
[Mon Jul 22 22:57:10 2013] [main][info]  Monitor started? 1
[Mon Jul 22 22:57:11 2013] [main][info]  Sox started? 
[Mon Jul 22 22:57:11 2013] [main][info]  Monitor started? 1
[Mon Jul 22 22:57:12 2013] [main][info]  Sox started? 
[Mon Jul 22 22:57:12 2013] [main][info]  Monitor started? 1
[Mon Jul 22 22:57:13 2013] [main][info]  Sox started? 
[Mon Jul 22 22:57:13 2013] [main][info]  Monitor started? 1
[Mon Jul 22 22:57:14 2013] [main][info]  Sox started? 
[Mon Jul 22 22:57:14 2013] [main][info]  Monitor started? 1
[Mon Jul 22 22:57:16 2013] [main][info]  Sox started? 
[Mon Jul 22 22:57:16 2013] [main][info]  Monitor started? 1
[Mon Jul 22 22:57:17 2013] [main][info]  Sox started? 
[Mon Jul 22 22:57:17 2013] [main][info]  Monitor started? 1
[Mon Jul 22 22:57:18 2013] [main][info]  Sox started? 
[Mon Jul 22 22:57:18 2013] [main][info]  Monitor started? 1
[Mon Jul 22 22:57:19 2013] [main][info]  Sox started? 
[Mon Jul 22 22:57:19 2013] [main][info]  Monitor started? 1
[Mon Jul 22 22:57:20 2013] [main][info]  Sox started? 
[Mon Jul 22 22:57:20 2013] [main][info]  Monitor started? 1
[Mon Jul 22 22:57:21 2013] [main][info]  Sox started? 
[Mon Jul 22 22:57:21 2013] [main][info]  Monitor started? 1
[Mon Jul 22 22:57:40 2013] [main][info] Node started
[Mon Jul 22 22:57:41 2013] [main][info]  Sox started? 1
[Mon Jul 22 22:57:41 2013] [main][info]  Monitor started? 1
[Mon Jul 22 22:58:01 2013] [main][info] Node started
[Mon Jul 22 22:58:02 2013] [main][info]  Sox started? 1
[Mon Jul 22 22:58:02 2013] [main][info]  Monitor started? 1
[Mon Jul 22 22:58:02 2013] [main][info]  Monitor detached? 
[Mon Jul 22 22:58:03 2013] [main][info]  Sox started? 
[Mon Jul 22 22:58:03 2013] [main][info]  Monitor started? 1
[Mon Jul 22 22:58:03 2013] [main][info]  Monitor detached? 
[Mon Jul 22 22:58:04 2013] [main][info]  Sox started? 
[Mon Jul 22 22:58:04 2013] [main][info]  Monitor started? 1
[Mon Jul 22 22:58:04 2013] [main][info]  Monitor detached? 1
[Mon Jul 22 22:58:05 2013] [main][info]  Sox started? 
[Mon Jul 22 22:58:05 2013] [main][info]  Monitor started? 1
[Mon Jul 22 22:58:05 2013] [main][info]  Monitor detached? 1
[Mon Jul 22 22:58:06 2013] [main][info]  Sox started? 
[Mon Jul 22 22:58:06 2013] [main][info]  Monitor started? 1
[Mon Jul 22 22:58:06 2013] [main][info]  Monitor detached? 1
[Mon Jul 22 22:58:07 2013] [main][info]  Sox started? 
[Mon Jul 22 22:58:07 2013] [main][info]  Monitor started? 1
[Mon Jul 22 22:58:07 2013] [main][info]  Monitor detached? 1
[Mon Jul 22 22:58:08 2013] [main][info]  Sox started? 
[Mon Jul 22 22:58:08 2013] [main][info]  Monitor started? 1
[Mon Jul 22 22:58:08 2013] [main][info]  Monitor detached? 1
[Mon Jul 22 22:58:09 2013] [main][info]  Sox started? 
[Mon Jul 22 22:58:09 2013] [main][info]  Monitor started? 1
[Mon Jul 22 22:58:09 2013] [main][info]  Monitor detached? 1
[Mon Jul 22 22:58:10 2013] [main][info]  Sox started? 
[Mon Jul 22 22:58:10 2013] [main][info]  Monitor started? 1
[Mon Jul 22 22:58:10 2013] [main][info]  Monitor detached? 1
[Mon Jul 22 22:58:11 2013] [main][info]  Sox started? 
[Mon Jul 22 22:58:11 2013] [main][info]  Monitor started? 1
[Mon Jul 22 22:58:11 2013] [main][info]  Monitor detached? 1
[Mon Jul 22 22:58:12 2013] [main][info]  Sox started? 
[Mon Jul 22 22:58:12 2013] [main][info]  Monitor started? 1
[Mon Jul 22 22:58:12 2013] [main][info]  Monitor detached? 1
[Mon Jul 22 22:58:14 2013] [main][info]  Sox started? 
[Mon Jul 22 22:58:14 2013] [main][info]  Monitor started? 1
[Mon Jul 22 22:58:14 2013] [main][info]  Monitor detached? 1
[Mon Jul 22 22:58:15 2013] [main][info]  Sox started? 
[Mon Jul 22 22:58:15 2013] [main][info]  Monitor started? 1
[Mon Jul 22 22:58:15 2013] [main][info]  Monitor detached? 1
[Mon Jul 22 22:58:16 2013] [main][info]  Sox started? 
[Mon Jul 22 22:58:16 2013] [main][info]  Monitor started? 1
[Mon Jul 22 22:58:16 2013] [main][info]  Monitor detached? 1
[Mon Jul 22 22:58:17 2013] [main][info]  Sox started? 
[Mon Jul 22 22:58:17 2013] [main][info]  Monitor started? 1
[Mon Jul 22 22:58:17 2013] [main][info]  Monitor detached? 1
[Mon Jul 22 23:03:29 2013] [main][info] Node started
[Mon Jul 22 23:03:30 2013] [main][info]  Sox started? 1
[Mon Jul 22 23:03:30 2013] [main][info]  Monitor started? 
[Mon Jul 22 23:03:30 2013] [main][info]  Monitor detached? 
[Mon Jul 22 23:03:32 2013] [main][info]  Sox started? 
[Mon Jul 22 23:03:32 2013] [main][info]  Monitor started? 
[Mon Jul 22 23:03:32 2013] [main][info]  Monitor detached? 
[Mon Jul 22 23:03:33 2013] [main][info]  Sox started? 
[Mon Jul 22 23:03:33 2013] [main][info]  Monitor started? 
[Mon Jul 22 23:03:33 2013] [main][info]  Monitor detached? 1
[Mon Jul 22 23:03:34 2013] [main][info]  Sox started? 
[Mon Jul 22 23:03:34 2013] [main][info]  Monitor started? 
[Mon Jul 22 23:03:34 2013] [main][info]  Monitor detached? 1
[Mon Jul 22 23:03:35 2013] [main][info]  Sox started? 
[Mon Jul 22 23:03:37 2013] [main][info]  Monitor started? 
[Mon Jul 22 23:03:37 2013] [main][info]  Monitor detached? 1
[Mon Jul 22 23:03:38 2013] [main][info]  Sox started? 
[Mon Jul 22 23:03:38 2013] [main][info]  Monitor started? 
[Mon Jul 22 23:03:38 2013] [main][info]  Monitor detached? 1
[Mon Jul 22 23:04:11 2013] [main][info] Node started
[Mon Jul 22 23:04:12 2013] [main][info]  Sox status 1
[Mon Jul 22 23:04:12 2013] [main][info]  Monitor is_running 1
[Mon Jul 22 23:04:12 2013] [main][info]  Monitor is_detached 
[Mon Jul 22 23:04:13 2013] [main][info]  Sox status 1
[Mon Jul 22 23:04:13 2013] [main][info]  Monitor is_running 1
[Mon Jul 22 23:04:13 2013] [main][info]  Monitor is_detached 
[Mon Jul 22 23:04:14 2013] [main][info]  Sox status 1
[Mon Jul 22 23:04:14 2013] [main][info]  Monitor is_running 1
[Mon Jul 22 23:04:14 2013] [main][info]  Monitor is_detached 
[Mon Jul 22 23:04:15 2013] [main][info]  Sox status 1
[Mon Jul 22 23:04:15 2013] [main][info]  Monitor is_running 1
[Mon Jul 22 23:04:15 2013] [main][info]  Monitor is_detached 
[Mon Jul 22 23:04:16 2013] [main][info]  Sox status 1
[Mon Jul 22 23:04:16 2013] [main][info]  Monitor is_running 1
[Mon Jul 22 23:04:16 2013] [main][info]  Monitor is_detached 
[Mon Jul 22 23:04:17 2013] [main][info]  Sox status 1
[Mon Jul 22 23:04:17 2013] [main][info]  Monitor is_running 1
[Mon Jul 22 23:04:17 2013] [main][info]  Monitor is_detached 
[Mon Jul 22 23:04:18 2013] [main][info]  Sox status 1
[Mon Jul 22 23:04:18 2013] [main][info]  Monitor is_running 1
[Mon Jul 22 23:04:18 2013] [main][info]  Monitor is_detached 
[Mon Jul 22 23:04:19 2013] [main][info]  Sox status 1
[Mon Jul 22 23:04:19 2013] [main][info]  Monitor is_running 1
[Mon Jul 22 23:04:19 2013] [main][info]  Monitor is_detached 
[Mon Jul 22 23:04:20 2013] [main][info]  Sox status 1
[Mon Jul 22 23:04:20 2013] [main][info]  Monitor is_running 1
[Mon Jul 22 23:04:20 2013] [main][info]  Monitor is_detached 
[Mon Jul 22 23:04:21 2013] [main][info]  Sox status 1
[Mon Jul 22 23:04:21 2013] [main][info]  Monitor is_running 1
[Mon Jul 22 23:04:21 2013] [main][info]  Monitor is_detached 
[Mon Jul 22 23:04:22 2013] [main][info]  Sox status 1
[Mon Jul 22 23:04:22 2013] [main][info]  Monitor is_running 1
[Mon Jul 22 23:04:22 2013] [main][info]  Monitor is_detached 
[Mon Jul 22 23:04:23 2013] [main][info]  Sox status 1
[Mon Jul 22 23:04:23 2013] [main][info]  Monitor is_running 1
[Mon Jul 22 23:04:23 2013] [main][info]  Monitor is_detached 
[Mon Jul 22 23:04:24 2013] [main][info]  Sox status 1
[Mon Jul 22 23:04:24 2013] [main][info]  Monitor is_running 1
[Mon Jul 22 23:04:24 2013] [main][info]  Monitor is_detached 
[Mon Jul 22 23:04:25 2013] [main][info]  Sox status 1
[Mon Jul 22 23:04:25 2013] [main][info]  Monitor is_running 1
[Mon Jul 22 23:04:25 2013] [main][info]  Monitor is_detached 
[Mon Jul 22 23:04:26 2013] [main][info]  Sox status 1
[Mon Jul 22 23:04:26 2013] [main][info]  Monitor is_running 1
[Mon Jul 22 23:04:26 2013] [main][info]  Monitor is_detached 
[Mon Jul 22 23:04:27 2013] [main][info]  Sox status 1
[Mon Jul 22 23:04:27 2013] [main][info]  Monitor is_running 1
[Mon Jul 22 23:04:27 2013] [main][info]  Monitor is_detached 
[Mon Jul 22 23:04:28 2013] [main][info]  Sox status 1
[Mon Jul 22 23:04:28 2013] [main][info]  Monitor is_running 1
[Mon Jul 22 23:04:28 2013] [main][info]  Monitor is_detached 
[Mon Jul 22 23:04:29 2013] [main][info]  Sox status 1
[Mon Jul 22 23:04:29 2013] [main][info]  Monitor is_running 1
[Mon Jul 22 23:04:29 2013] [main][info]  Monitor is_detached 
[Mon Jul 22 23:04:30 2013] [main][info]  Sox status 1
[Mon Jul 22 23:04:30 2013] [main][info]  Monitor is_running 1
[Mon Jul 22 23:04:30 2013] [main][info]  Monitor is_detached 
[Mon Jul 22 23:04:31 2013] [main][info]  Sox status 1
[Mon Jul 22 23:04:31 2013] [main][info]  Monitor is_running 1
[Mon Jul 22 23:04:31 2013] [main][info]  Monitor is_detached 
[Mon Jul 22 23:04:32 2013] [main][info]  Sox status 1
[Mon Jul 22 23:04:32 2013] [main][info]  Monitor is_running 1
[Mon Jul 22 23:04:32 2013] [main][info]  Monitor is_detached 
[Mon Jul 22 23:04:33 2013] [main][info]  Sox status 1
[Mon Jul 22 23:04:33 2013] [main][info]  Monitor is_running 1
[Mon Jul 22 23:04:33 2013] [main][info]  Monitor is_detached 
[Mon Jul 22 23:04:34 2013] [main][info]  Sox status 1
[Mon Jul 22 23:04:34 2013] [main][info]  Monitor is_running 1
[Mon Jul 22 23:04:34 2013] [main][info]  Monitor is_detached 
[Mon Jul 22 23:04:35 2013] [main][info]  Sox status 1
[Mon Jul 22 23:04:35 2013] [main][info]  Monitor is_running 1
[Mon Jul 22 23:04:35 2013] [main][info]  Monitor is_detached 
[Mon Jul 22 23:04:36 2013] [main][info]  Sox status 1
[Mon Jul 22 23:04:36 2013] [main][info]  Monitor is_running 1
[Mon Jul 22 23:04:36 2013] [main][info]  Monitor is_detached 
[Mon Jul 22 23:04:37 2013] [main][info]  Sox status 1
[Mon Jul 22 23:04:37 2013] [main][info]  Monitor is_running 1
[Mon Jul 22 23:04:37 2013] [main][info]  Monitor is_detached 
[Mon Jul 22 23:04:38 2013] [main][info]  Sox status 1
[Mon Jul 22 23:04:38 2013] [main][info]  Monitor is_running 1
[Mon Jul 22 23:04:38 2013] [main][info]  Monitor is_detached 
[Mon Jul 22 23:04:39 2013] [main][info]  Sox status 1
[Mon Jul 22 23:04:39 2013] [main][info]  Monitor is_running 1
[Mon Jul 22 23:04:39 2013] [main][info]  Monitor is_detached 
[Mon Jul 22 23:04:40 2013] [main][info]  Sox status 1
[Mon Jul 22 23:04:40 2013] [main][info]  Monitor is_running 1
[Mon Jul 22 23:04:40 2013] [main][info]  Monitor is_detached 
[Mon Jul 22 23:04:41 2013] [main][info]  Sox status 1
[Mon Jul 22 23:04:41 2013] [main][info]  Monitor is_running 1
[Mon Jul 22 23:04:41 2013] [main][info]  Monitor is_detached 
[Mon Jul 22 23:04:42 2013] [main][info]  Sox status 1
[Mon Jul 22 23:04:42 2013] [main][info]  Monitor is_running 1
[Mon Jul 22 23:04:42 2013] [main][info]  Monitor is_detached 
[Mon Jul 22 23:04:43 2013] [main][info]  Sox status 1
[Mon Jul 22 23:04:43 2013] [main][info]  Monitor is_running 1
[Mon Jul 22 23:04:43 2013] [main][info]  Monitor is_detached 
[Mon Jul 22 23:04:44 2013] [main][info]  Sox status 1
[Mon Jul 22 23:04:44 2013] [main][info]  Monitor is_running 1
[Mon Jul 22 23:04:44 2013] [main][info]  Monitor is_detached 
[Mon Jul 22 23:04:45 2013] [main][info]  Sox status 1
[Mon Jul 22 23:04:45 2013] [main][info]  Monitor is_running 1
[Mon Jul 22 23:04:45 2013] [main][info]  Monitor is_detached 
[Mon Jul 22 23:04:46 2013] [main][info]  Sox status 1
[Mon Jul 22 23:04:46 2013] [main][info]  Monitor is_running 1
[Mon Jul 22 23:04:46 2013] [main][info]  Monitor is_detached 
[Mon Jul 22 23:04:47 2013] [main][info]  Sox status 1
[Mon Jul 22 23:04:47 2013] [main][info]  Monitor is_running 1
[Mon Jul 22 23:04:47 2013] [main][info]  Monitor is_detached 
[Mon Jul 22 23:04:48 2013] [main][info]  Sox status 1
[Mon Jul 22 23:04:48 2013] [main][info]  Monitor is_running 1
[Mon Jul 22 23:04:48 2013] [main][info]  Monitor is_detached 
[Mon Jul 22 23:04:49 2013] [main][info]  Sox status 1
[Mon Jul 22 23:04:49 2013] [main][info]  Monitor is_running 1
[Mon Jul 22 23:04:49 2013] [main][info]  Monitor is_detached 
[Mon Jul 22 23:04:50 2013] [main][info]  Sox status 1
[Mon Jul 22 23:04:50 2013] [main][info]  Monitor is_running 1
[Mon Jul 22 23:04:50 2013] [main][info]  Monitor is_detached 
[Mon Jul 22 23:04:51 2013] [main][info]  Sox status 1
[Mon Jul 22 23:04:51 2013] [main][info]  Monitor is_running 1
[Mon Jul 22 23:04:51 2013] [main][info]  Monitor is_detached 
[Mon Jul 22 23:04:52 2013] [main][info]  Sox status 1
[Mon Jul 22 23:04:52 2013] [main][info]  Monitor is_running 1
[Mon Jul 22 23:04:52 2013] [main][info]  Monitor is_detached 
[Mon Jul 22 23:04:53 2013] [main][info]  Sox status 1
[Mon Jul 22 23:04:53 2013] [main][info]  Monitor is_running 1
[Mon Jul 22 23:04:53 2013] [main][info]  Monitor is_detached 
[Mon Jul 22 23:04:54 2013] [main][info]  Sox status 1
[Mon Jul 22 23:04:54 2013] [main][info]  Monitor is_running 1
[Mon Jul 22 23:04:54 2013] [main][info]  Monitor is_detached 
